[www.savewalterwhite.com/index.html]
[backblue.gif]
[fade.gif]
[index.html]
[www.savewalterwhite.com/img/walter_1.jpg]
[www.savewalterwhite.com/img/walter_2.jpg]
[www.savewalterwhite.com/img/walter_3.jpg]
[www.savewalterwhite.com/img/walter_4.jpg]
[www.savewalterwhite.com/img/walter_5.jpg]
[www.savewalterwhite.com/img/walter_6.jpg]
[www.savewalterwhite.com/img/walter_7.jpg]
[www.savewalterwhite.com/img/save_walter_banner.png]
[www.savewalterwhite.com/img/donate_button.png]
[008.free-counters.co.uk/count-029.js]
[pixel.quantserve.com/pixel/p-7cUragPyp7i26c2f9.gif]
[www.savewalterwhite.com/index.html]
[edge.quantserve.com/quant.js]
[www.savewalterwhite.com/img/tile.png]
[www.savewalterwhite.com/img/bow_left.png]
[www.savewalterwhite.com/img/bow_right.png]
[www.savewalterwhite.com/save-walter-white.css]
